<?xml version="1.0" encoding="UTF-8"?>
<coverage generated="1666924753758" clover="3.2.0">
  <project timestamp="1666924753758" name="All files">
    <metrics statements="95" coveredstatements="93" conditionals="38" coveredconditionals="31" methods="36" coveredmethods="33" elements="169" coveredelements="157" complexity="0" loc="95" ncloc="95" packages="15" files="23" classes="23"/>
    <package name="@testing">
      <metrics statements="5" coveredstatements="5" conditionals="0" coveredconditionals="0" methods="2" coveredmethods="2"/>
      <file name="Provider.tsx" path="/Users/dieu-donnenazzah/Workspace/Custxmer/CustxmerCalendar/src/@testing/Provider.tsx">
        <metrics statements="5" coveredstatements="5" conditionals="0" coveredconditionals="0" methods="2" coveredmethods="2"/>
        <line num="13" count="6" type="stmt"/>
        <line num="14" count="14" type="stmt"/>
        <line num="15" count="14" type="stmt"/>
        <line num="18" count="6" type="stmt"/>
        <line num="19" count="14" type="stmt"/>
      </file>
    </package>
    <package name="App">
      <metrics statements="3" coveredstatements="3" conditionals="0" coveredconditionals="0" methods="1" coveredmethods="1"/>
      <file name="App.tsx" path="/Users/dieu-donnenazzah/Workspace/Custxmer/CustxmerCalendar/src/App/App.tsx">
        <metrics statements="3" coveredstatements="3" conditionals="0" coveredconditionals="0" methods="1" coveredmethods="1"/>
        <line num="14" count="1" type="stmt"/>
        <line num="15" count="1" type="stmt"/>
        <line num="17" count="1" type="stmt"/>
      </file>
    </package>
    <package name="App.components">
      <metrics statements="3" coveredstatements="3" conditionals="0" coveredconditionals="0" methods="1" coveredmethods="1"/>
      <file name="InitializationWrapper.tsx" path="/Users/dieu-donnenazzah/Workspace/Custxmer/CustxmerCalendar/src/App/components/InitializationWrapper.tsx">
        <metrics statements="3" coveredstatements="3" conditionals="0" coveredconditionals="0" methods="1" coveredmethods="1"/>
        <line num="8" count="1" type="stmt"/>
        <line num="9" count="1" type="stmt"/>
        <line num="11" count="1" type="stmt"/>
      </file>
      <file name="index.ts" path="/Users/dieu-donnenazzah/Workspace/Custxmer/CustxmerCalendar/src/App/components/index.ts">
        <metrics statements="0" coveredstatements="0" conditionals="0" coveredconditionals="0" methods="0" coveredmethods="0"/>
      </file>
    </package>
    <package name="App.hooks">
      <metrics statements="5" coveredstatements="4" conditionals="2" coveredconditionals="0" methods="2" coveredmethods="1"/>
      <file name="index.ts" path="/Users/dieu-donnenazzah/Workspace/Custxmer/CustxmerCalendar/src/App/hooks/index.ts">
        <metrics statements="0" coveredstatements="0" conditionals="0" coveredconditionals="0" methods="0" coveredmethods="0"/>
      </file>
      <file name="useApp.ts" path="/Users/dieu-donnenazzah/Workspace/Custxmer/CustxmerCalendar/src/App/hooks/useApp.ts">
        <metrics statements="5" coveredstatements="4" conditionals="2" coveredconditionals="0" methods="2" coveredmethods="1"/>
        <line num="3" count="1" type="stmt"/>
        <line num="4" count="1" type="stmt"/>
        <line num="6" count="1" type="stmt"/>
        <line num="7" count="0" type="cond" truecount="0" falsecount="2"/>
        <line num="10" count="1" type="stmt"/>
      </file>
    </package>
    <package name="MyCalendar">
      <metrics statements="5" coveredstatements="5" conditionals="2" coveredconditionals="1" methods="1" coveredmethods="1"/>
      <file name="MyCalendar.tsx" path="/Users/dieu-donnenazzah/Workspace/Custxmer/CustxmerCalendar/src/MyCalendar/MyCalendar.tsx">
        <metrics statements="5" coveredstatements="5" conditionals="2" coveredconditionals="1" methods="1" coveredmethods="1"/>
        <line num="17" count="3" type="stmt"/>
        <line num="18" count="3" type="stmt"/>
        <line num="19" count="3" type="stmt"/>
        <line num="21" count="3" type="stmt"/>
        <line num="44" count="3" type="stmt"/>
      </file>
      <file name="index.ts" path="/Users/dieu-donnenazzah/Workspace/Custxmer/CustxmerCalendar/src/MyCalendar/index.ts">
        <metrics statements="0" coveredstatements="0" conditionals="0" coveredconditionals="0" methods="0" coveredmethods="0"/>
      </file>
    </package>
    <package name="MyCalendar.components">
      <metrics statements="4" coveredstatements="4" conditionals="0" coveredconditionals="0" methods="3" coveredmethods="2"/>
      <file name="styledComponents.tsx" path="/Users/dieu-donnenazzah/Workspace/Custxmer/CustxmerCalendar/src/MyCalendar/components/styledComponents.tsx">
        <metrics statements="4" coveredstatements="4" conditionals="0" coveredconditionals="0" methods="3" coveredmethods="2"/>
        <line num="11" count="3" type="stmt"/>
        <line num="16" count="3" type="stmt"/>
        <line num="22" count="3" type="stmt"/>
        <line num="24" count="3" type="stmt"/>
      </file>
    </package>
    <package name="MyCalendar.hooks">
      <metrics statements="3" coveredstatements="3" conditionals="0" coveredconditionals="0" methods="1" coveredmethods="1"/>
      <file name="index.ts" path="/Users/dieu-donnenazzah/Workspace/Custxmer/CustxmerCalendar/src/MyCalendar/hooks/index.ts">
        <metrics statements="0" coveredstatements="0" conditionals="0" coveredconditionals="0" methods="0" coveredmethods="0"/>
      </file>
      <file name="useMyCalendar.tsx" path="/Users/dieu-donnenazzah/Workspace/Custxmer/CustxmerCalendar/src/MyCalendar/hooks/useMyCalendar.tsx">
        <metrics statements="3" coveredstatements="3" conditionals="0" coveredconditionals="0" methods="1" coveredmethods="1"/>
        <line num="10" count="3" type="stmt"/>
        <line num="11" count="3" type="stmt"/>
        <line num="38" count="3" type="stmt"/>
      </file>
    </package>
    <package name="Navigation">
      <metrics statements="5" coveredstatements="5" conditionals="0" coveredconditionals="0" methods="2" coveredmethods="2"/>
      <file name="index.tsx" path="/Users/dieu-donnenazzah/Workspace/Custxmer/CustxmerCalendar/src/Navigation/index.tsx">
        <metrics statements="5" coveredstatements="5" conditionals="0" coveredconditionals="0" methods="2" coveredmethods="2"/>
        <line num="14" count="2" type="stmt"/>
        <line num="16" count="2" type="stmt"/>
        <line num="27" count="2" type="stmt"/>
        <line num="28" count="1" type="stmt"/>
        <line num="34" count="2" type="stmt"/>
      </file>
    </package>
    <package name="Splash">
      <metrics statements="8" coveredstatements="7" conditionals="0" coveredconditionals="0" methods="4" coveredmethods="3"/>
      <file name="Splash.tsx" path="/Users/dieu-donnenazzah/Workspace/Custxmer/CustxmerCalendar/src/Splash/Splash.tsx">
        <metrics statements="8" coveredstatements="7" conditionals="0" coveredconditionals="0" methods="4" coveredmethods="3"/>
        <line num="19" count="3" type="stmt"/>
        <line num="20" count="3" type="stmt"/>
        <line num="21" count="3" type="stmt"/>
        <line num="23" count="3" type="stmt"/>
        <line num="24" count="3" type="stmt"/>
        <line num="25" count="0" type="stmt"/>
        <line num="28" count="3" type="stmt"/>
        <line num="31" count="3" type="stmt"/>
      </file>
      <file name="index.ts" path="/Users/dieu-donnenazzah/Workspace/Custxmer/CustxmerCalendar/src/Splash/index.ts">
        <metrics statements="0" coveredstatements="0" conditionals="0" coveredconditionals="0" methods="0" coveredmethods="0"/>
      </file>
    </package>
    <package name="Splash.components">
      <metrics statements="3" coveredstatements="3" conditionals="0" coveredconditionals="0" methods="2" coveredmethods="2"/>
      <file name="styledComponents.tsx" path="/Users/dieu-donnenazzah/Workspace/Custxmer/CustxmerCalendar/src/Splash/components/styledComponents.tsx">
        <metrics statements="3" coveredstatements="3" conditionals="0" coveredconditionals="0" methods="2" coveredmethods="2"/>
        <line num="11" count="3" type="stmt"/>
        <line num="17" count="3" type="stmt"/>
        <line num="23" count="3" type="stmt"/>
      </file>
    </package>
    <package name="_shared">
      <metrics statements="1" coveredstatements="1" conditionals="0" coveredconditionals="0" methods="0" coveredmethods="0"/>
      <file name="constants.ts" path="/Users/dieu-donnenazzah/Workspace/Custxmer/CustxmerCalendar/src/_shared/constants.ts">
        <metrics statements="1" coveredstatements="1" conditionals="0" coveredconditionals="0" methods="0" coveredmethods="0"/>
        <line num="8" count="6" type="stmt"/>
      </file>
    </package>
    <package name="_shared.components.Button">
      <metrics statements="10" coveredstatements="10" conditionals="16" coveredconditionals="16" methods="4" coveredmethods="4"/>
      <file name="Button.tsx" path="/Users/dieu-donnenazzah/Workspace/Custxmer/CustxmerCalendar/src/_shared/components/Button/Button.tsx">
        <metrics statements="10" coveredstatements="10" conditionals="16" coveredconditionals="16" methods="4" coveredmethods="4"/>
        <line num="29" count="4" type="stmt"/>
        <line num="43" count="7" type="stmt"/>
        <line num="45" count="7" type="stmt"/>
        <line num="46" count="4" type="stmt"/>
        <line num="51" count="7" type="stmt"/>
        <line num="65" count="4" type="stmt"/>
        <line num="73" count="4" type="stmt"/>
        <line num="77" count="7" type="stmt"/>
        <line num="88" count="4" type="stmt"/>
        <line num="89" count="4" type="stmt"/>
      </file>
      <file name="index.ts" path="/Users/dieu-donnenazzah/Workspace/Custxmer/CustxmerCalendar/src/_shared/components/Button/index.ts">
        <metrics statements="0" coveredstatements="0" conditionals="0" coveredconditionals="0" methods="0" coveredmethods="0"/>
      </file>
    </package>
    <package name="_shared.components.Calendar">
      <metrics statements="16" coveredstatements="16" conditionals="8" coveredconditionals="5" methods="7" coveredmethods="7"/>
      <file name="Calendar.tsx" path="/Users/dieu-donnenazzah/Workspace/Custxmer/CustxmerCalendar/src/_shared/components/Calendar/Calendar.tsx">
        <metrics statements="16" coveredstatements="16" conditionals="8" coveredconditionals="5" methods="7" coveredmethods="7"/>
        <line num="26" count="4" type="stmt"/>
        <line num="27" count="5" type="stmt"/>
        <line num="29" count="5" type="stmt"/>
        <line num="31" count="5" type="stmt"/>
        <line num="40" count="35" type="stmt"/>
        <line num="45" count="150" type="stmt"/>
        <line num="64" count="4" type="stmt"/>
        <line num="66" count="4" type="stmt"/>
        <line num="70" count="4" type="stmt"/>
        <line num="72" count="5" type="stmt"/>
        <line num="78" count="4" type="stmt"/>
        <line num="84" count="35" type="stmt"/>
        <line num="90" count="4" type="stmt"/>
        <line num="95" count="4" type="stmt"/>
        <line num="103" count="150" type="stmt"/>
        <line num="112" count="5" type="stmt"/>
      </file>
      <file name="index.ts" path="/Users/dieu-donnenazzah/Workspace/Custxmer/CustxmerCalendar/src/_shared/components/Calendar/index.ts">
        <metrics statements="0" coveredstatements="0" conditionals="0" coveredconditionals="0" methods="0" coveredmethods="0"/>
      </file>
    </package>
    <package name="_shared.components.Calendar.hooks">
      <metrics statements="18" coveredstatements="18" conditionals="8" coveredconditionals="8" methods="4" coveredmethods="4"/>
      <file name="useCalendar.tsx" path="/Users/dieu-donnenazzah/Workspace/Custxmer/CustxmerCalendar/src/_shared/components/Calendar/hooks/useCalendar.tsx">
        <metrics statements="18" coveredstatements="18" conditionals="8" coveredconditionals="8" methods="4" coveredmethods="4"/>
        <line num="22" count="4" type="stmt"/>
        <line num="23" count="5" type="stmt"/>
        <line num="25" count="5" type="stmt"/>
        <line num="27" count="5" type="stmt"/>
        <line num="29" count="5" type="stmt"/>
        <line num="34" count="5" type="stmt"/>
        <line num="35" count="150" type="cond" truecount="2" falsecount="0"/>
        <line num="36" count="5" type="stmt"/>
        <line num="37" count="145" type="cond" truecount="2" falsecount="0"/>
        <line num="38" count="5" type="stmt"/>
        <line num="39" count="140" type="cond" truecount="2" falsecount="0"/>
        <line num="40" count="10" type="stmt"/>
        <line num="42" count="130" type="stmt"/>
        <line num="46" count="5" type="stmt"/>
        <line num="47" count="150" type="stmt"/>
        <line num="48" count="700" type="stmt"/>
        <line num="50" count="150" type="cond" truecount="2" falsecount="0"/>
        <line num="53" count="5" type="stmt"/>
      </file>
    </package>
    <package name="_shared.hooks">
      <metrics statements="6" coveredstatements="6" conditionals="2" coveredconditionals="1" methods="2" coveredmethods="2"/>
      <file name="index.ts" path="/Users/dieu-donnenazzah/Workspace/Custxmer/CustxmerCalendar/src/_shared/hooks/index.ts">
        <metrics statements="0" coveredstatements="0" conditionals="0" coveredconditionals="0" methods="0" coveredmethods="0"/>
      </file>
      <file name="useSettings.ts" path="/Users/dieu-donnenazzah/Workspace/Custxmer/CustxmerCalendar/src/_shared/hooks/useSettings.ts">
        <metrics statements="6" coveredstatements="6" conditionals="2" coveredconditionals="1" methods="2" coveredmethods="2"/>
        <line num="5" count="6" type="stmt"/>
        <line num="8" count="2" type="stmt"/>
        <line num="10" count="6" type="stmt"/>
        <line num="11" count="21" type="stmt"/>
        <line num="14" count="21" type="cond" truecount="1" falsecount="1"/>
        <line num="16" count="21" type="stmt"/>
      </file>
    </package>
  </project>
</coverage>
