{"/Users/dieu-donnenazzah/Workspace/Custxmer/CustxmerCalendar/src/@testing/Provider.tsx": {"path":"/Users/dieu-donnenazzah/Workspace/Custxmer/CustxmerCalendar/src/@testing/Provider.tsx","statementMap":{"0":{"start":{"line":13,"column":33},"end":{"line":16,"column":1}},"1":{"start":{"line":14,"column":23},"end":{"line":14,"column":36}},"2":{"start":{"line":15,"column":4},"end":{"line":15,"column":68}},"3":{"start":{"line":18,"column":21},"end":{"line":20,"column":1}},"4":{"start":{"line":19,"column":4},"end":{"line":19,"column":61}}},"fnMap":{"0":{"name":"(anonymous_0)","decl":{"start":{"line":13,"column":33},"end":{"line":13,"column":34}},"loc":{"start":{"line":13,"column":71},"end":{"line":16,"column":1}},"line":13},"1":{"name":"(anonymous_1)","decl":{"start":{"line":18,"column":21},"end":{"line":18,"column":22}},"loc":{"start":{"line":18,"column":55},"end":{"line":20,"column":1}},"line":18}},"branchMap":{},"s":{"0":6,"1":14,"2":14,"3":6,"4":14},"f":{"0":14,"1":14},"b":{},"_coverageSchema":"1a1c01bbd47fc00a2c39e90264f33305004495a9","hash":"9b000ec286c070bd9a0d1937b923b2da3f383e7f"}
,"/Users/dieu-donnenazzah/Workspace/Custxmer/CustxmerCalendar/src/App/App.tsx": {"path":"/Users/dieu-donnenazzah/Workspace/Custxmer/CustxmerCalendar/src/App/App.tsx","statementMap":{"0":{"start":{"line":14,"column":12},"end":{"line":27,"column":1}},"1":{"start":{"line":15,"column":42},"end":{"line":15,"column":50}},"2":{"start":{"line":17,"column":4},"end":{"line":26,"column":6}}},"fnMap":{"0":{"name":"(anonymous_0)","decl":{"start":{"line":14,"column":12},"end":{"line":14,"column":13}},"loc":{"start":{"line":14,"column":18},"end":{"line":27,"column":1}},"line":14}},"branchMap":{},"s":{"0":1,"1":1,"2":1},"f":{"0":1},"b":{},"_coverageSchema":"1a1c01bbd47fc00a2c39e90264f33305004495a9","hash":"e1730aaefac733345cdde8a431f327014a50ecf3"}
,"/Users/dieu-donnenazzah/Workspace/Custxmer/CustxmerCalendar/src/App/components/InitializationWrapper.tsx": {"path":"/Users/dieu-donnenazzah/Workspace/Custxmer/CustxmerCalendar/src/App/components/InitializationWrapper.tsx","statementMap":{"0":{"start":{"line":8,"column":30},"end":{"line":21,"column":1}},"1":{"start":{"line":9,"column":23},"end":{"line":9,"column":36}},"2":{"start":{"line":11,"column":4},"end":{"line":20,"column":6}}},"fnMap":{"0":{"name":"(anonymous_0)","decl":{"start":{"line":8,"column":30},"end":{"line":8,"column":31}},"loc":{"start":{"line":8,"column":55},"end":{"line":21,"column":1}},"line":8}},"branchMap":{},"s":{"0":1,"1":1,"2":1},"f":{"0":1},"b":{},"_coverageSchema":"1a1c01bbd47fc00a2c39e90264f33305004495a9","hash":"17cc17fc5f2a5840cd4c74fc4911ee82491358c1"}
,"/Users/dieu-donnenazzah/Workspace/Custxmer/CustxmerCalendar/src/App/components/index.ts": {"path":"/Users/dieu-donnenazzah/Workspace/Custxmer/CustxmerCalendar/src/App/components/index.ts","statementMap":{},"fnMap":{},"branchMap":{},"s":{},"f":{},"b":{},"_coverageSchema":"1a1c01bbd47fc00a2c39e90264f33305004495a9","hash":"55cc9496ec1f56c19d747eabd00375e8941b0a53"}
,"/Users/dieu-donnenazzah/Workspace/Custxmer/CustxmerCalendar/src/App/hooks/index.ts": {"path":"/Users/dieu-donnenazzah/Workspace/Custxmer/CustxmerCalendar/src/App/hooks/index.ts","statementMap":{},"fnMap":{},"branchMap":{},"s":{},"f":{},"b":{},"_coverageSchema":"1a1c01bbd47fc00a2c39e90264f33305004495a9","hash":"a36f18f16ccf99a6d7293ce2f6b491b50113eec2"}
,"/Users/dieu-donnenazzah/Workspace/Custxmer/CustxmerCalendar/src/App/hooks/useApp.ts": {"path":"/Users/dieu-donnenazzah/Workspace/Custxmer/CustxmerCalendar/src/App/hooks/useApp.ts","statementMap":{"0":{"start":{"line":3,"column":22},"end":{"line":11,"column":1}},"1":{"start":{"line":4,"column":44},"end":{"line":4,"column":79}},"2":{"start":{"line":6,"column":24},"end":{"line":8,"column":5}},"3":{"start":{"line":7,"column":8},"end":{"line":7,"column":68}},"4":{"start":{"line":10,"column":4},"end":{"line":10,"column":41}}},"fnMap":{"0":{"name":"(anonymous_0)","decl":{"start":{"line":3,"column":22},"end":{"line":3,"column":23}},"loc":{"start":{"line":3,"column":28},"end":{"line":11,"column":1}},"line":3},"1":{"name":"(anonymous_1)","decl":{"start":{"line":6,"column":24},"end":{"line":6,"column":25}},"loc":{"start":{"line":6,"column":30},"end":{"line":8,"column":5}},"line":6}},"branchMap":{"0":{"loc":{"start":{"line":7,"column":24},"end":{"line":7,"column":66}},"type":"cond-expr","locations":[{"start":{"line":7,"column":50},"end":{"line":7,"column":57}},{"start":{"line":7,"column":60},"end":{"line":7,"column":66}}],"line":7}},"s":{"0":1,"1":1,"2":1,"3":0,"4":1},"f":{"0":1,"1":0},"b":{"0":[0,0]},"_coverageSchema":"1a1c01bbd47fc00a2c39e90264f33305004495a9","hash":"217acde5c2f782e551138d5e14b0e684f305ff30"}
,"/Users/dieu-donnenazzah/Workspace/Custxmer/CustxmerCalendar/src/MyCalendar/MyCalendar.tsx": {"path":"/Users/dieu-donnenazzah/Workspace/Custxmer/CustxmerCalendar/src/MyCalendar/MyCalendar.tsx","statementMap":{"0":{"start":{"line":17,"column":19},"end":{"line":40,"column":1}},"1":{"start":{"line":18,"column":30},"end":{"line":18,"column":45}},"2":{"start":{"line":19,"column":35},"end":{"line":19,"column":48}},"3":{"start":{"line":21,"column":4},"end":{"line":39,"column":6}},"4":{"start":{"line":44,"column":15},"end":{"line":49,"column":2}}},"fnMap":{"0":{"name":"(anonymous_0)","decl":{"start":{"line":17,"column":19},"end":{"line":17,"column":20}},"loc":{"start":{"line":17,"column":25},"end":{"line":40,"column":1}},"line":17}},"branchMap":{"0":{"loc":{"start":{"line":30,"column":21},"end":{"line":34,"column":21}},"type":"cond-expr","locations":[{"start":{"line":31,"column":24},"end":{"line":31,"column":72}},{"start":{"line":33,"column":24},"end":{"line":33,"column":70}}],"line":30}},"s":{"0":3,"1":4,"2":4,"3":4,"4":3},"f":{"0":4},"b":{"0":[4,0]},"_coverageSchema":"1a1c01bbd47fc00a2c39e90264f33305004495a9","hash":"1d0a19df5bbb7ef18bcd52a1cb9a249980bd678f"}
,"/Users/dieu-donnenazzah/Workspace/Custxmer/CustxmerCalendar/src/MyCalendar/index.ts": {"path":"/Users/dieu-donnenazzah/Workspace/Custxmer/CustxmerCalendar/src/MyCalendar/index.ts","statementMap":{},"fnMap":{},"branchMap":{},"s":{},"f":{},"b":{},"_coverageSchema":"1a1c01bbd47fc00a2c39e90264f33305004495a9","hash":"553c282e578607da333be642e4d4b5de18cce8d7"}
,"/Users/dieu-donnenazzah/Workspace/Custxmer/CustxmerCalendar/src/MyCalendar/components/styledComponents.tsx": {"path":"/Users/dieu-donnenazzah/Workspace/Custxmer/CustxmerCalendar/src/MyCalendar/components/styledComponents.tsx","statementMap":{"0":{"start":{"line":11,"column":28},"end":{"line":14,"column":3}},"1":{"start":{"line":11,"column":61},"end":{"line":14,"column":1}},"2":{"start":{"line":16,"column":25},"end":{"line":20,"column":3}},"3":{"start":{"line":16,"column":53},"end":{"line":20,"column":1}},"4":{"start":{"line":22,"column":32},"end":{"line":22,"column":59}},"5":{"start":{"line":24,"column":29},"end":{"line":28,"column":3}},"6":{"start":{"line":24,"column":57},"end":{"line":28,"column":1}}},"fnMap":{"0":{"name":"(anonymous_0)","decl":{"start":{"line":11,"column":45},"end":{"line":11,"column":46}},"loc":{"start":{"line":11,"column":61},"end":{"line":14,"column":1}},"line":11},"1":{"name":"(anonymous_1)","decl":{"start":{"line":16,"column":37},"end":{"line":16,"column":38}},"loc":{"start":{"line":16,"column":53},"end":{"line":20,"column":1}},"line":16},"2":{"name":"(anonymous_2)","decl":{"start":{"line":24,"column":41},"end":{"line":24,"column":42}},"loc":{"start":{"line":24,"column":57},"end":{"line":28,"column":1}},"line":24}},"branchMap":{},"s":{"0":3,"1":4,"2":3,"3":4,"4":3,"5":3,"6":0},"f":{"0":4,"1":4,"2":0},"b":{},"_coverageSchema":"1a1c01bbd47fc00a2c39e90264f33305004495a9","hash":"01b93cea2bc6fc6122735117939d4b8432701d03"}
,"/Users/dieu-donnenazzah/Workspace/Custxmer/CustxmerCalendar/src/MyCalendar/hooks/index.ts": {"path":"/Users/dieu-donnenazzah/Workspace/Custxmer/CustxmerCalendar/src/MyCalendar/hooks/index.ts","statementMap":{},"fnMap":{},"branchMap":{},"s":{},"f":{},"b":{},"_coverageSchema":"1a1c01bbd47fc00a2c39e90264f33305004495a9","hash":"9f0b5db66e1159d06e04afdaf97a6697b5bcdfbd"}
,"/Users/dieu-donnenazzah/Workspace/Custxmer/CustxmerCalendar/src/MyCalendar/hooks/useMyCalendar.tsx": {"path":"/Users/dieu-donnenazzah/Workspace/Custxmer/CustxmerCalendar/src/MyCalendar/hooks/useMyCalendar.tsx","statementMap":{"0":{"start":{"line":10,"column":22},"end":{"line":41,"column":1}},"1":{"start":{"line":11,"column":24},"end":{"line":36,"column":5}},"2":{"start":{"line":38,"column":4},"end":{"line":40,"column":6}}},"fnMap":{"0":{"name":"(anonymous_0)","decl":{"start":{"line":10,"column":22},"end":{"line":10,"column":23}},"loc":{"start":{"line":10,"column":28},"end":{"line":41,"column":1}},"line":10}},"branchMap":{},"s":{"0":3,"1":4,"2":4},"f":{"0":4},"b":{},"_coverageSchema":"1a1c01bbd47fc00a2c39e90264f33305004495a9","hash":"227e2ab5b189643f87c4068f91590cf1452fa856"}
,"/Users/dieu-donnenazzah/Workspace/Custxmer/CustxmerCalendar/src/Navigation/index.tsx": {"path":"/Users/dieu-donnenazzah/Workspace/Custxmer/CustxmerCalendar/src/Navigation/index.tsx","statementMap":{"0":{"start":{"line":14,"column":23},"end":{"line":14,"column":51}},"1":{"start":{"line":16,"column":15},"end":{"line":25,"column":1}},"2":{"start":{"line":27,"column":18},"end":{"line":43,"column":1}},"3":{"start":{"line":28,"column":4},"end":{"line":42,"column":6}},"4":{"start":{"line":34,"column":20},"end":{"line":38,"column":22}}},"fnMap":{"0":{"name":"(anonymous_0)","decl":{"start":{"line":27,"column":18},"end":{"line":27,"column":19}},"loc":{"start":{"line":27,"column":24},"end":{"line":43,"column":1}},"line":27},"1":{"name":"(anonymous_1)","decl":{"start":{"line":33,"column":28},"end":{"line":33,"column":29}},"loc":{"start":{"line":34,"column":20},"end":{"line":38,"column":22}},"line":34}},"branchMap":{},"s":{"0":2,"1":2,"2":2,"3":1,"4":2},"f":{"0":1,"1":2},"b":{},"_coverageSchema":"1a1c01bbd47fc00a2c39e90264f33305004495a9","hash":"86a7b04ebeade7c10785dd4fec1dd9ca985e63f8"}
,"/Users/dieu-donnenazzah/Workspace/Custxmer/CustxmerCalendar/src/Splash/Splash.tsx": {"path":"/Users/dieu-donnenazzah/Workspace/Custxmer/CustxmerCalendar/src/Splash/Splash.tsx","statementMap":{"0":{"start":{"line":19,"column":15},"end":{"line":38,"column":1}},"1":{"start":{"line":20,"column":23},"end":{"line":20,"column":36}},"2":{"start":{"line":21,"column":25},"end":{"line":21,"column":45}},"3":{"start":{"line":23,"column":4},"end":{"line":29,"column":11}},"4":{"start":{"line":24,"column":8},"end":{"line":26,"column":17}},"5":{"start":{"line":25,"column":12},"end":{"line":25,"column":48}},"6":{"start":{"line":28,"column":8},"end":{"line":28,"column":24}},"7":{"start":{"line":31,"column":4},"end":{"line":37,"column":6}}},"fnMap":{"0":{"name":"(anonymous_0)","decl":{"start":{"line":19,"column":15},"end":{"line":19,"column":16}},"loc":{"start":{"line":19,"column":21},"end":{"line":38,"column":1}},"line":19},"1":{"name":"(anonymous_1)","decl":{"start":{"line":23,"column":14},"end":{"line":23,"column":15}},"loc":{"start":{"line":23,"column":20},"end":{"line":29,"column":5}},"line":23},"2":{"name":"(anonymous_2)","decl":{"start":{"line":24,"column":19},"end":{"line":24,"column":20}},"loc":{"start":{"line":24,"column":25},"end":{"line":26,"column":9}},"line":24},"3":{"name":"(anonymous_3)","decl":{"start":{"line":28,"column":15},"end":{"line":28,"column":16}},"loc":{"start":{"line":28,"column":21},"end":{"line":28,"column":23}},"line":28}},"branchMap":{},"s":{"0":3,"1":2,"2":2,"3":2,"4":2,"5":0,"6":2,"7":2},"f":{"0":2,"1":2,"2":0,"3":2},"b":{},"_coverageSchema":"1a1c01bbd47fc00a2c39e90264f33305004495a9","hash":"7fdd70a7b04b07785494c4ef15e71e528d91f2d5"}
,"/Users/dieu-donnenazzah/Workspace/Custxmer/CustxmerCalendar/src/Splash/index.ts": {"path":"/Users/dieu-donnenazzah/Workspace/Custxmer/CustxmerCalendar/src/Splash/index.ts","statementMap":{},"fnMap":{},"branchMap":{},"s":{},"f":{},"b":{},"_coverageSchema":"1a1c01bbd47fc00a2c39e90264f33305004495a9","hash":"6a048f6b6ee9409ec8fcb72ea351bc27d5f767ec"}
,"/Users/dieu-donnenazzah/Workspace/Custxmer/CustxmerCalendar/src/Splash/components/styledComponents.tsx": {"path":"/Users/dieu-donnenazzah/Workspace/Custxmer/CustxmerCalendar/src/Splash/components/styledComponents.tsx","statementMap":{"0":{"start":{"line":11,"column":25},"end":{"line":15,"column":2}},"1":{"start":{"line":17,"column":28},"end":{"line":21,"column":3}},"2":{"start":{"line":17,"column":56},"end":{"line":21,"column":1}},"3":{"start":{"line":23,"column":28},"end":{"line":27,"column":3}},"4":{"start":{"line":23,"column":56},"end":{"line":27,"column":1}}},"fnMap":{"0":{"name":"(anonymous_0)","decl":{"start":{"line":17,"column":40},"end":{"line":17,"column":41}},"loc":{"start":{"line":17,"column":56},"end":{"line":21,"column":1}},"line":17},"1":{"name":"(anonymous_1)","decl":{"start":{"line":23,"column":40},"end":{"line":23,"column":41}},"loc":{"start":{"line":23,"column":56},"end":{"line":27,"column":1}},"line":23}},"branchMap":{},"s":{"0":3,"1":3,"2":2,"3":3,"4":2},"f":{"0":2,"1":2},"b":{},"_coverageSchema":"1a1c01bbd47fc00a2c39e90264f33305004495a9","hash":"aface585381ff15cd6d42b31a3316eaee05ac701"}
,"/Users/dieu-donnenazzah/Workspace/Custxmer/CustxmerCalendar/src/_shared/constants.ts": {"path":"/Users/dieu-donnenazzah/Workspace/Custxmer/CustxmerCalendar/src/_shared/constants.ts","statementMap":{"0":{"start":{"line":8,"column":25},"end":{"line":43,"column":1}}},"fnMap":{},"branchMap":{},"s":{"0":6},"f":{},"b":{},"_coverageSchema":"1a1c01bbd47fc00a2c39e90264f33305004495a9","hash":"b06716bdbe579e08cc6b5f37cfb17ffb877beb26"}
,"/Users/dieu-donnenazzah/Workspace/Custxmer/CustxmerCalendar/src/_shared/components/Button/Button.tsx": {"path":"/Users/dieu-donnenazzah/Workspace/Custxmer/CustxmerCalendar/src/_shared/components/Button/Button.tsx","statementMap":{"0":{"start":{"line":29,"column":15},"end":{"line":63,"column":1}},"1":{"start":{"line":43,"column":8},"end":{"line":43,"column":13}},"2":{"start":{"line":45,"column":23},"end":{"line":49,"column":5}},"3":{"start":{"line":46,"column":8},"end":{"line":48,"column":21}},"4":{"start":{"line":51,"column":4},"end":{"line":62,"column":6}},"5":{"start":{"line":65,"column":0},"end":{"line":69,"column":2}},"6":{"start":{"line":73,"column":16},"end":{"line":86,"column":3}},"7":{"start":{"line":77,"column":46},"end":{"line":86,"column":1}},"8":{"start":{"line":88,"column":19},"end":{"line":93,"column":1}},"9":{"start":{"line":89,"column":30},"end":{"line":92,"column":5}}},"fnMap":{"0":{"name":"(anonymous_0)","decl":{"start":{"line":29,"column":15},"end":{"line":29,"column":16}},"loc":{"start":{"line":29,"column":33},"end":{"line":63,"column":1}},"line":29},"1":{"name":"(anonymous_1)","decl":{"start":{"line":45,"column":23},"end":{"line":45,"column":24}},"loc":{"start":{"line":46,"column":8},"end":{"line":48,"column":21}},"line":46},"2":{"name":"(anonymous_2)","decl":{"start":{"line":77,"column":3},"end":{"line":77,"column":4}},"loc":{"start":{"line":77,"column":46},"end":{"line":86,"column":1}},"line":77},"3":{"name":"(anonymous_3)","decl":{"start":{"line":89,"column":4},"end":{"line":89,"column":5}},"loc":{"start":{"line":89,"column":30},"end":{"line":92,"column":5}},"line":89}},"branchMap":{"0":{"loc":{"start":{"line":56,"column":27},"end":{"line":56,"column":62}},"type":"cond-expr","locations":[{"start":{"line":56,"column":38},"end":{"line":56,"column":39}},{"start":{"line":56,"column":42},"end":{"line":56,"column":62}}],"line":56},"1":{"loc":{"start":{"line":56,"column":42},"end":{"line":56,"column":62}},"type":"binary-expr","locations":[{"start":{"line":56,"column":42},"end":{"line":56,"column":55}},{"start":{"line":56,"column":59},"end":{"line":56,"column":62}}],"line":56},"2":{"loc":{"start":{"line":57,"column":21},"end":{"line":57,"column":51}},"type":"cond-expr","locations":[{"start":{"line":57,"column":32},"end":{"line":57,"column":41}},{"start":{"line":57,"column":44},"end":{"line":57,"column":51}}],"line":57},"3":{"loc":{"start":{"line":60,"column":13},"end":{"line":60,"column":49}},"type":"cond-expr","locations":[{"start":{"line":60,"column":24},"end":{"line":60,"column":32}},{"start":{"line":60,"column":35},"end":{"line":60,"column":49}}],"line":60},"4":{"loc":{"start":{"line":84,"column":13},"end":{"line":84,"column":31}},"type":"cond-expr","locations":[{"start":{"line":84,"column":24},"end":{"line":84,"column":27}},{"start":{"line":84,"column":30},"end":{"line":84,"column":31}}],"line":84},"5":{"loc":{"start":{"line":85,"column":21},"end":{"line":85,"column":70}},"type":"cond-expr","locations":[{"start":{"line":85,"column":39},"end":{"line":85,"column":54}},{"start":{"line":85,"column":57},"end":{"line":85,"column":70}}],"line":85},"6":{"loc":{"start":{"line":90,"column":18},"end":{"line":90,"column":32}},"type":"binary-expr","locations":[{"start":{"line":90,"column":18},"end":{"line":90,"column":26}},{"start":{"line":90,"column":30},"end":{"line":90,"column":32}}],"line":90},"7":{"loc":{"start":{"line":91,"column":15},"end":{"line":91,"column":55}},"type":"binary-expr","locations":[{"start":{"line":91,"column":15},"end":{"line":91,"column":20}},{"start":{"line":91,"column":24},"end":{"line":91,"column":55}}],"line":91}},"s":{"0":4,"1":8,"2":8,"3":4,"4":8,"5":4,"6":4,"7":8,"8":4,"9":4},"f":{"0":8,"1":4,"2":8,"3":4},"b":{"0":[1,7],"1":[7,7],"2":[1,7],"3":[4,4],"4":[1,7],"5":[4,4],"6":[4,4],"7":[4,4]},"_coverageSchema":"1a1c01bbd47fc00a2c39e90264f33305004495a9","hash":"dcf3b8b12ee58644c1d0510d69ae687edf204806"}
,"/Users/dieu-donnenazzah/Workspace/Custxmer/CustxmerCalendar/src/_shared/components/Button/index.ts": {"path":"/Users/dieu-donnenazzah/Workspace/Custxmer/CustxmerCalendar/src/_shared/components/Button/index.ts","statementMap":{},"fnMap":{},"branchMap":{},"s":{},"f":{},"b":{},"_coverageSchema":"1a1c01bbd47fc00a2c39e90264f33305004495a9","hash":"b647bf386dedb01989a27d08fb48a6e2468f4bbe"}
,"/Users/dieu-donnenazzah/Workspace/Custxmer/CustxmerCalendar/src/_shared/components/Calendar/Calendar.tsx": {"path":"/Users/dieu-donnenazzah/Workspace/Custxmer/CustxmerCalendar/src/_shared/components/Calendar/Calendar.tsx","statementMap":{"0":{"start":{"line":26,"column":17},"end":{"line":60,"column":1}},"1":{"start":{"line":27,"column":38},"end":{"line":27,"column":43}},"2":{"start":{"line":29,"column":8},"end":{"line":29,"column":34}},"3":{"start":{"line":31,"column":4},"end":{"line":59,"column":6}},"4":{"start":{"line":40,"column":20},"end":{"line":40,"column":64}},"5":{"start":{"line":45,"column":20},"end":{"line":55,"column":31}},"6":{"start":{"line":64,"column":18},"end":{"line":64,"column":42}},"7":{"start":{"line":66,"column":18},"end":{"line":68,"column":2}},"8":{"start":{"line":70,"column":25},"end":{"line":70,"column":52}},"9":{"start":{"line":72,"column":22},"end":{"line":76,"column":3}},"10":{"start":{"line":72,"column":50},"end":{"line":76,"column":1}},"11":{"start":{"line":78,"column":24},"end":{"line":82,"column":2}},"12":{"start":{"line":84,"column":20},"end":{"line":88,"column":3}},"13":{"start":{"line":84,"column":48},"end":{"line":88,"column":1}},"14":{"start":{"line":90,"column":15},"end":{"line":93,"column":2}},"15":{"start":{"line":95,"column":19},"end":{"line":101,"column":2}},"16":{"start":{"line":103,"column":16},"end":{"line":110,"column":3}},"17":{"start":{"line":103,"column":77},"end":{"line":110,"column":1}},"18":{"start":{"line":112,"column":19},"end":{"line":118,"column":3}},"19":{"start":{"line":112,"column":76},"end":{"line":118,"column":1}}},"fnMap":{"0":{"name":"(anonymous_0)","decl":{"start":{"line":26,"column":17},"end":{"line":26,"column":18}},"loc":{"start":{"line":26,"column":35},"end":{"line":60,"column":1}},"line":26},"1":{"name":"(anonymous_1)","decl":{"start":{"line":39,"column":32},"end":{"line":39,"column":33}},"loc":{"start":{"line":40,"column":20},"end":{"line":40,"column":64}},"line":40},"2":{"name":"(anonymous_2)","decl":{"start":{"line":44,"column":29},"end":{"line":44,"column":30}},"loc":{"start":{"line":45,"column":20},"end":{"line":55,"column":31}},"line":45},"3":{"name":"(anonymous_3)","decl":{"start":{"line":72,"column":34},"end":{"line":72,"column":35}},"loc":{"start":{"line":72,"column":50},"end":{"line":76,"column":1}},"line":72},"4":{"name":"(anonymous_4)","decl":{"start":{"line":84,"column":32},"end":{"line":84,"column":33}},"loc":{"start":{"line":84,"column":48},"end":{"line":88,"column":1}},"line":84},"5":{"name":"(anonymous_5)","decl":{"start":{"line":103,"column":51},"end":{"line":103,"column":52}},"loc":{"start":{"line":103,"column":77},"end":{"line":110,"column":1}},"line":103},"6":{"name":"(anonymous_6)","decl":{"start":{"line":112,"column":55},"end":{"line":112,"column":56}},"loc":{"start":{"line":112,"column":76},"end":{"line":118,"column":1}},"line":112}},"branchMap":{"0":{"loc":{"start":{"line":46,"column":25},"end":{"line":48,"column":25}},"type":"binary-expr","locations":[{"start":{"line":46,"column":25},"end":{"line":46,"column":37}},{"start":{"line":47,"column":28},"end":{"line":47,"column":67}}],"line":46},"1":{"loc":{"start":{"line":106,"column":16},"end":{"line":106,"column":41}},"type":"cond-expr","locations":[{"start":{"line":106,"column":27},"end":{"line":106,"column":30}},{"start":{"line":106,"column":33},"end":{"line":106,"column":41}}],"line":106},"2":{"loc":{"start":{"line":109,"column":16},"end":{"line":109,"column":47}},"type":"cond-expr","locations":[{"start":{"line":109,"column":27},"end":{"line":109,"column":38}},{"start":{"line":109,"column":41},"end":{"line":109,"column":47}}],"line":109},"3":{"loc":{"start":{"line":115,"column":8},"end":{"line":117,"column":51}},"type":"cond-expr","locations":[{"start":{"line":116,"column":14},"end":{"line":116,"column":36}},{"start":{"line":117,"column":14},"end":{"line":117,"column":51}}],"line":115}},"s":{"0":4,"1":6,"2":6,"3":6,"4":42,"5":180,"6":4,"7":4,"8":4,"9":4,"10":6,"11":4,"12":4,"13":42,"14":4,"15":4,"16":4,"17":180,"18":4,"19":6},"f":{"0":6,"1":42,"2":180,"3":6,"4":42,"5":180,"6":6},"b":{"0":[180,6],"1":[0,180],"2":[0,180],"3":[0,6]},"_coverageSchema":"1a1c01bbd47fc00a2c39e90264f33305004495a9","hash":"20ffb307e20e59833e1be5df6000ea9aa36c23fb"}
,"/Users/dieu-donnenazzah/Workspace/Custxmer/CustxmerCalendar/src/_shared/components/Calendar/index.ts": {"path":"/Users/dieu-donnenazzah/Workspace/Custxmer/CustxmerCalendar/src/_shared/components/Calendar/index.ts","statementMap":{},"fnMap":{},"branchMap":{},"s":{},"f":{},"b":{},"_coverageSchema":"1a1c01bbd47fc00a2c39e90264f33305004495a9","hash":"df14168a5ec919d96d58d89489ff61d7346109d8"}
,"/Users/dieu-donnenazzah/Workspace/Custxmer/CustxmerCalendar/src/_shared/components/Calendar/hooks/useCalendar.tsx": {"path":"/Users/dieu-donnenazzah/Workspace/Custxmer/CustxmerCalendar/src/_shared/components/Calendar/hooks/useCalendar.tsx","statementMap":{"0":{"start":{"line":22,"column":20},"end":{"line":54,"column":1}},"1":{"start":{"line":23,"column":35},"end":{"line":23,"column":40}},"2":{"start":{"line":25,"column":21},"end":{"line":25,"column":70}},"3":{"start":{"line":27,"column":24},"end":{"line":27,"column":57}},"4":{"start":{"line":29,"column":18},"end":{"line":32,"column":6}},"5":{"start":{"line":34,"column":23},"end":{"line":44,"column":5}},"6":{"start":{"line":35,"column":8},"end":{"line":43,"column":9}},"7":{"start":{"line":36,"column":12},"end":{"line":36,"column":48}},"8":{"start":{"line":37,"column":15},"end":{"line":43,"column":9}},"9":{"start":{"line":38,"column":12},"end":{"line":38,"column":46}},"10":{"start":{"line":39,"column":15},"end":{"line":43,"column":9}},"11":{"start":{"line":40,"column":12},"end":{"line":40,"column":44}},"12":{"start":{"line":42,"column":12},"end":{"line":42,"column":32}},"13":{"start":{"line":46,"column":23},"end":{"line":51,"column":5}},"14":{"start":{"line":47,"column":25},"end":{"line":47,"column":35}},"15":{"start":{"line":48,"column":21},"end":{"line":48,"column":73}},"16":{"start":{"line":48,"column":54},"end":{"line":48,"column":72}},"17":{"start":{"line":50,"column":8},"end":{"line":50,"column":44}},"18":{"start":{"line":53,"column":4},"end":{"line":53,"column":60}}},"fnMap":{"0":{"name":"(anonymous_0)","decl":{"start":{"line":22,"column":20},"end":{"line":22,"column":21}},"loc":{"start":{"line":22,"column":38},"end":{"line":54,"column":1}},"line":22},"1":{"name":"(anonymous_1)","decl":{"start":{"line":34,"column":23},"end":{"line":34,"column":24}},"loc":{"start":{"line":34,"column":41},"end":{"line":44,"column":5}},"line":34},"2":{"name":"(anonymous_2)","decl":{"start":{"line":46,"column":23},"end":{"line":46,"column":24}},"loc":{"start":{"line":46,"column":40},"end":{"line":51,"column":5}},"line":46},"3":{"name":"(anonymous_3)","decl":{"start":{"line":48,"column":45},"end":{"line":48,"column":46}},"loc":{"start":{"line":48,"column":54},"end":{"line":48,"column":72}},"line":48}},"branchMap":{"0":{"loc":{"start":{"line":35,"column":8},"end":{"line":43,"column":9}},"type":"if","locations":[{"start":{"line":35,"column":8},"end":{"line":43,"column":9}},{"start":{"line":37,"column":15},"end":{"line":43,"column":9}}],"line":35},"1":{"loc":{"start":{"line":37,"column":15},"end":{"line":43,"column":9}},"type":"if","locations":[{"start":{"line":37,"column":15},"end":{"line":43,"column":9}},{"start":{"line":39,"column":15},"end":{"line":43,"column":9}}],"line":37},"2":{"loc":{"start":{"line":39,"column":15},"end":{"line":43,"column":9}},"type":"if","locations":[{"start":{"line":39,"column":15},"end":{"line":43,"column":9}},{"start":{"line":41,"column":15},"end":{"line":43,"column":9}}],"line":39},"3":{"loc":{"start":{"line":50,"column":26},"end":{"line":50,"column":42}},"type":"binary-expr","locations":[{"start":{"line":50,"column":26},"end":{"line":50,"column":36}},{"start":{"line":50,"column":40},"end":{"line":50,"column":42}}],"line":50}},"s":{"0":4,"1":6,"2":6,"3":6,"4":6,"5":6,"6":180,"7":6,"8":174,"9":6,"10":168,"11":12,"12":156,"13":6,"14":180,"15":180,"16":840,"17":180,"18":6},"f":{"0":6,"1":180,"2":180,"3":840},"b":{"0":[6,174],"1":[6,168],"2":[12,156],"3":[180,156]},"_coverageSchema":"1a1c01bbd47fc00a2c39e90264f33305004495a9","hash":"ad8cca254a280f0e2dbd48ea7c405827fbf93918"}
,"/Users/dieu-donnenazzah/Workspace/Custxmer/CustxmerCalendar/src/_shared/hooks/index.ts": {"path":"/Users/dieu-donnenazzah/Workspace/Custxmer/CustxmerCalendar/src/_shared/hooks/index.ts","statementMap":{},"fnMap":{},"branchMap":{},"s":{},"f":{},"b":{},"_coverageSchema":"1a1c01bbd47fc00a2c39e90264f33305004495a9","hash":"9dcfae528f6a06ee531e64935f2edfa366af4782"}
,"/Users/dieu-donnenazzah/Workspace/Custxmer/CustxmerCalendar/src/_shared/hooks/useSettings.ts": {"path":"/Users/dieu-donnenazzah/Workspace/Custxmer/CustxmerCalendar/src/_shared/hooks/useSettings.ts","statementMap":{"0":{"start":{"line":5,"column":28},"end":{"line":8,"column":46}},"1":{"start":{"line":8,"column":39},"end":{"line":8,"column":43}},"2":{"start":{"line":10,"column":27},"end":{"line":17,"column":1}},"3":{"start":{"line":11,"column":35},"end":{"line":11,"column":59}},"4":{"start":{"line":14,"column":8},"end":{"line":14,"column":78}},"5":{"start":{"line":16,"column":4},"end":{"line":16,"column":42}}},"fnMap":{"0":{"name":"(anonymous_0)","decl":{"start":{"line":8,"column":33},"end":{"line":8,"column":34}},"loc":{"start":{"line":8,"column":39},"end":{"line":8,"column":43}},"line":8},"1":{"name":"(anonymous_1)","decl":{"start":{"line":10,"column":27},"end":{"line":10,"column":28}},"loc":{"start":{"line":10,"column":33},"end":{"line":17,"column":1}},"line":10}},"branchMap":{"0":{"loc":{"start":{"line":14,"column":8},"end":{"line":14,"column":78}},"type":"cond-expr","locations":[{"start":{"line":14,"column":28},"end":{"line":14,"column":52}},{"start":{"line":14,"column":55},"end":{"line":14,"column":78}}],"line":14}},"s":{"0":6,"1":2,"2":6,"3":21,"4":21,"5":21},"f":{"0":2,"1":21},"b":{"0":[0,21]},"_coverageSchema":"1a1c01bbd47fc00a2c39e90264f33305004495a9","hash":"452687faa261568e251e63a633ba5491d1e8bdb3"}
}
