TN:
SF:src/@testing/Provider.tsx
FN:13,(anonymous_0)
FN:18,(anonymous_1)
FNF:2
FNH:2
FNDA:14,(anonymous_0)
FNDA:14,(anonymous_1)
DA:13,6
DA:14,14
DA:15,14
DA:18,6
DA:19,14
LF:5
LH:5
BRF:0
BRH:0
end_of_record
TN:
SF:src/App/App.tsx
FN:14,(anonymous_0)
FNF:1
FNH:1
FNDA:1,(anonymous_0)
DA:14,1
DA:15,1
DA:17,1
LF:3
LH:3
BRF:0
BRH:0
end_of_record
TN:
SF:src/App/components/InitializationWrapper.tsx
FN:8,(anonymous_0)
FNF:1
FNH:1
FNDA:1,(anonymous_0)
DA:8,1
DA:9,1
DA:11,1
LF:3
LH:3
BRF:0
BRH:0
end_of_record
TN:
SF:src/App/components/index.ts
FNF:0
FNH:0
LF:0
LH:0
BRF:0
BRH:0
end_of_record
TN:
SF:src/App/hooks/index.ts
FNF:0
FNH:0
LF:0
LH:0
BRF:0
BRH:0
end_of_record
TN:
SF:src/App/hooks/useApp.ts
FN:3,(anonymous_0)
FN:6,(anonymous_1)
FNF:2
FNH:1
FNDA:1,(anonymous_0)
FNDA:0,(anonymous_1)
DA:3,1
DA:4,1
DA:6,1
DA:7,0
DA:10,1
LF:5
LH:4
BRDA:7,0,0,0
BRDA:7,0,1,0
BRF:2
BRH:0
end_of_record
TN:
SF:src/MyCalendar/MyCalendar.tsx
FN:17,(anonymous_0)
FNF:1
FNH:1
FNDA:3,(anonymous_0)
DA:17,3
DA:18,3
DA:19,3
DA:21,3
DA:44,3
LF:5
LH:5
BRDA:30,0,0,3
BRDA:30,0,1,0
BRF:2
BRH:1
end_of_record
TN:
SF:src/MyCalendar/index.ts
FNF:0
FNH:0
LF:0
LH:0
BRF:0
BRH:0
end_of_record
TN:
SF:src/MyCalendar/components/styledComponents.tsx
FN:11,(anonymous_0)
FN:16,(anonymous_1)
FN:24,(anonymous_2)
FNF:3
FNH:2
FNDA:3,(anonymous_0)
FNDA:3,(anonymous_1)
FNDA:0,(anonymous_2)
DA:11,3
DA:16,3
DA:22,3
DA:24,3
LF:4
LH:4
BRF:0
BRH:0
end_of_record
TN:
SF:src/MyCalendar/hooks/index.ts
FNF:0
FNH:0
LF:0
LH:0
BRF:0
BRH:0
end_of_record
TN:
SF:src/MyCalendar/hooks/useMyCalendar.tsx
FN:10,(anonymous_0)
FNF:1
FNH:1
FNDA:3,(anonymous_0)
DA:10,3
DA:11,3
DA:38,3
LF:3
LH:3
BRF:0
BRH:0
end_of_record
TN:
SF:src/Navigation/index.tsx
FN:27,(anonymous_0)
FN:33,(anonymous_1)
FNF:2
FNH:2
FNDA:1,(anonymous_0)
FNDA:2,(anonymous_1)
DA:14,2
DA:16,2
DA:27,2
DA:28,1
DA:34,2
LF:5
LH:5
BRF:0
BRH:0
end_of_record
TN:
SF:src/Splash/Splash.tsx
FN:19,(anonymous_0)
FN:23,(anonymous_1)
FN:24,(anonymous_2)
FN:28,(anonymous_3)
FNF:4
FNH:3
FNDA:3,(anonymous_0)
FNDA:3,(anonymous_1)
FNDA:0,(anonymous_2)
FNDA:3,(anonymous_3)
DA:19,3
DA:20,3
DA:21,3
DA:23,3
DA:24,3
DA:25,0
DA:28,3
DA:31,3
LF:8
LH:7
BRF:0
BRH:0
end_of_record
TN:
SF:src/Splash/index.ts
FNF:0
FNH:0
LF:0
LH:0
BRF:0
BRH:0
end_of_record
TN:
SF:src/Splash/components/styledComponents.tsx
FN:17,(anonymous_0)
FN:23,(anonymous_1)
FNF:2
FNH:2
FNDA:3,(anonymous_0)
FNDA:3,(anonymous_1)
DA:11,3
DA:17,3
DA:23,3
LF:3
LH:3
BRF:0
BRH:0
end_of_record
TN:
SF:src/_shared/constants.ts
FNF:0
FNH:0
DA:8,6
LF:1
LH:1
BRF:0
BRH:0
end_of_record
TN:
SF:src/_shared/components/Button/Button.tsx
FN:29,(anonymous_0)
FN:45,(anonymous_1)
FN:77,(anonymous_2)
FN:89,(anonymous_3)
FNF:4
FNH:4
FNDA:7,(anonymous_0)
FNDA:4,(anonymous_1)
FNDA:7,(anonymous_2)
FNDA:4,(anonymous_3)
DA:29,4
DA:43,7
DA:45,7
DA:46,4
DA:51,7
DA:65,4
DA:73,4
DA:77,7
DA:88,4
DA:89,4
LF:10
LH:10
BRDA:56,0,0,1
BRDA:56,0,1,6
BRDA:56,1,0,6
BRDA:56,1,1,6
BRDA:57,2,0,1
BRDA:57,2,1,6
BRDA:60,3,0,3
BRDA:60,3,1,4
BRDA:84,4,0,1
BRDA:84,4,1,6
BRDA:85,5,0,3
BRDA:85,5,1,4
BRDA:90,6,0,4
BRDA:90,6,1,4
BRDA:91,7,0,4
BRDA:91,7,1,4
BRF:16
BRH:16
end_of_record
TN:
SF:src/_shared/components/Button/index.ts
FNF:0
FNH:0
LF:0
LH:0
BRF:0
BRH:0
end_of_record
TN:
SF:src/_shared/components/Calendar/Calendar.tsx
FN:26,(anonymous_0)
FN:39,(anonymous_1)
FN:44,(anonymous_2)
FN:72,(anonymous_3)
FN:84,(anonymous_4)
FN:103,(anonymous_5)
FN:112,(anonymous_6)
FNF:7
FNH:7
FNDA:5,(anonymous_0)
FNDA:35,(anonymous_1)
FNDA:150,(anonymous_2)
FNDA:5,(anonymous_3)
FNDA:35,(anonymous_4)
FNDA:150,(anonymous_5)
FNDA:5,(anonymous_6)
DA:26,4
DA:27,5
DA:29,5
DA:31,5
DA:40,35
DA:45,150
DA:64,4
DA:66,4
DA:70,4
DA:72,5
DA:78,4
DA:84,35
DA:90,4
DA:95,4
DA:103,150
DA:112,5
LF:16
LH:16
BRDA:46,0,0,150
BRDA:46,0,1,5
BRDA:106,1,0,0
BRDA:106,1,1,150
BRDA:109,2,0,0
BRDA:109,2,1,150
BRDA:115,3,0,0
BRDA:115,3,1,5
BRF:8
BRH:5
end_of_record
TN:
SF:src/_shared/components/Calendar/index.ts
FNF:0
FNH:0
LF:0
LH:0
BRF:0
BRH:0
end_of_record
TN:
SF:src/_shared/components/Calendar/hooks/useCalendar.tsx
FN:22,(anonymous_0)
FN:34,(anonymous_1)
FN:46,(anonymous_2)
FN:48,(anonymous_3)
FNF:4
FNH:4
FNDA:5,(anonymous_0)
FNDA:150,(anonymous_1)
FNDA:150,(anonymous_2)
FNDA:700,(anonymous_3)
DA:22,4
DA:23,5
DA:25,5
DA:27,5
DA:29,5
DA:34,5
DA:35,150
DA:36,5
DA:37,145
DA:38,5
DA:39,140
DA:40,10
DA:42,130
DA:46,5
DA:47,150
DA:48,700
DA:50,150
DA:53,5
LF:18
LH:18
BRDA:35,0,0,5
BRDA:35,0,1,145
BRDA:37,1,0,5
BRDA:37,1,1,140
BRDA:39,2,0,10
BRDA:39,2,1,130
BRDA:50,3,0,150
BRDA:50,3,1,130
BRF:8
BRH:8
end_of_record
TN:
SF:src/_shared/hooks/index.ts
FNF:0
FNH:0
LF:0
LH:0
BRF:0
BRH:0
end_of_record
TN:
SF:src/_shared/hooks/useSettings.ts
FN:8,(anonymous_0)
FN:10,(anonymous_1)
FNF:2
FNH:2
FNDA:2,(anonymous_0)
FNDA:21,(anonymous_1)
DA:5,6
DA:8,2
DA:10,6
DA:11,21
DA:14,21
DA:16,21
LF:6
LH:6
BRDA:14,0,0,0
BRDA:14,0,1,21
BRF:2
BRH:1
end_of_record
